current directory: C:/OpenServer/domains/rero.dev/nclude-dependencies/gems/nio4r-2.1.0/ext/nio4r
C:/Ruby24-x64/bin/ruby.exe -r ./siteconf20170908-4084-sbn94h.rb extconf.rb
checking for unistd.h... *** extconf.rb failed ***
Could not create Makefile due to some reason, probably lack of necessary
libraries and/or headers.  Check the mkmf.log file for more details.  You may
need configuration options.

Provided configuration options:
	--with-opt-dir
	--without-opt-dir
	--with-opt-include
	--without-opt-include=${opt-dir}/include
	--with-opt-lib
	--without-opt-lib=${opt-dir}/lib
	--with-make-prog
	--without-make-prog
	--srcdir=.
	--curdir
	--ruby=C:/Ruby24-x64/bin/$(RUBY_BASE_NAME)
C:/Ruby24-x64/lib/ruby/2.4.0/mkmf.rb:457:in `try_do': The compiler failed to generate an executable file. (RuntimeError)
You have to install development tools first.
	from C:/Ruby24-x64/lib/ruby/2.4.0/mkmf.rb:588:in `try_cpp'
	from C:/Ruby24-x64/lib/ruby/2.4.0/mkmf.rb:1095:in `block in have_header'
	from C:/Ruby24-x64/lib/ruby/2.4.0/mkmf.rb:945:in `block in checking_for'
	from C:/Ruby24-x64/lib/ruby/2.4.0/mkmf.rb:351:in `block (2 levels) in postpone'
	from C:/Ruby24-x64/lib/ruby/2.4.0/mkmf.rb:321:in `open'
	from C:/Ruby24-x64/lib/ruby/2.4.0/mkmf.rb:351:in `block in postpone'
	from C:/Ruby24-x64/lib/ruby/2.4.0/mkmf.rb:321:in `open'
	from C:/Ruby24-x64/lib/ruby/2.4.0/mkmf.rb:347:in `postpone'
	from C:/Ruby24-x64/lib/ruby/2.4.0/mkmf.rb:944:in `checking_for'
	from C:/Ruby24-x64/lib/ruby/2.4.0/mkmf.rb:1094:in `have_header'
	from extconf.rb:5:in `<main>'

To see why this extension failed to compile, please check the mkmf.log which can be found here:

  C:/OpenServer/domains/rero.dev/nclude-dependencies/extensions/x64-mingw32/2.4.0/nio4r-2.1.0/mkmf.log

extconf failed, exit code 1
